2026-02-26 18:03:37,620 | INFO | Data_Ingestion | ORGANIZATION loaded | rows=100 | cols=6
2026-02-26 18:03:37,625 | INFO | Data_Ingestion | ASSET loaded | rows=200 | cols=6
2026-02-26 18:03:37,627 | INFO | Data_Ingestion | DEVICE_CLASS loaded | rows=50 | cols=3
2026-02-26 18:03:37,690 | INFO | Data_Ingestion | DEVICE loaded | rows=10000 | cols=6
2026-02-26 18:03:37,837 | INFO | Data_Ingestion | INTERFACE loaded | rows=100000 | cols=5
2026-02-26 18:03:38,072 | INFO | Data_Ingestion | EVENT loaded | rows=100000 | cols=6
2026-02-26 18:28:21,801 | INFO | Data_Ingestion | ORGANIZATION loaded | rows=100 | cols=6                         | columns=['organization_id', 'org_name', 'org_industry', 'org_address', 'org_email', 'org_phone']
2026-02-26 18:28:21,934 | INFO | Data_Ingestion | ASSET loaded | rows=200 | cols=6                         | columns=['asset_id', 'asset_name', 'organization_id', 'asset_location', 'asset_purchase_date', 'asset_owner']
2026-02-26 18:28:21,944 | INFO | Data_Ingestion | DEVICE_CLASS loaded | rows=50 | cols=3                         | columns=['device_class_id', 'device_class_name', 'device_class_description']
2026-02-26 18:28:21,990 | INFO | Data_Ingestion | DEVICE loaded | rows=10000 | cols=6                         | columns=['device_id', 'device_ip', 'asset_id', 'device_class_id', 'device_serial', 'device_manufacturer']
2026-02-26 18:28:22,231 | INFO | Data_Ingestion | INTERFACE loaded | rows=100000 | cols=5                         | columns=['interface_id', 'interface_name', 'interface_status', 'device_id', 'interface_mac']
2026-02-26 18:28:22,517 | INFO | Data_Ingestion | EVENT loaded | rows=100000 | cols=6                         | columns=['event_id', 'event_timestamp', 'device_id', 'interface_id', 'event_type', 'event_description']
2026-02-26 18:29:04,653 | INFO | Data_Ingestion | ORGANIZATION loaded |rows=100 |cols=6 |columns=['organization_id', 'org_name', 'org_industry', 'org_address', 'org_email', 'org_phone']
2026-02-26 18:29:04,657 | INFO | Data_Ingestion | ASSET loaded |rows=200 |cols=6 |columns=['asset_id', 'asset_name', 'organization_id', 'asset_location', 'asset_purchase_date', 'asset_owner']
2026-02-26 18:29:04,659 | INFO | Data_Ingestion | DEVICE_CLASS loaded |rows=50 |cols=3 |columns=['device_class_id', 'device_class_name', 'device_class_description']
2026-02-26 18:29:04,687 | INFO | Data_Ingestion | DEVICE loaded |rows=10000 |cols=6 |columns=['device_id', 'device_ip', 'asset_id', 'device_class_id', 'device_serial', 'device_manufacturer']
2026-02-26 18:29:04,915 | INFO | Data_Ingestion | INTERFACE loaded |rows=100000 |cols=5 |columns=['interface_id', 'interface_name', 'interface_status', 'device_id', 'interface_mac']
2026-02-26 18:29:05,223 | INFO | Data_Ingestion | EVENT loaded |rows=100000 |cols=6 |columns=['event_id', 'event_timestamp', 'device_id', 'interface_id', 'event_type', 'event_description']
2026-02-26 18:30:02,006 | INFO | Data_Ingestion | ORGANIZATION loaded 
2026-02-26 18:30:02,006 | INFO | Data_Ingestion | rows=100 | cols=6 | columns=['organization_id', 'org_name', 'org_industry', 'org_address', 'org_email', 'org_phone']
2026-02-26 18:30:02,011 | INFO | Data_Ingestion | ASSET loaded 
2026-02-26 18:30:02,026 | INFO | Data_Ingestion | rows=200 | cols=6 | columns=['asset_id', 'asset_name', 'organization_id', 'asset_location', 'asset_purchase_date', 'asset_owner']
2026-02-26 18:30:02,030 | INFO | Data_Ingestion | DEVICE_CLASS loaded 
2026-02-26 18:30:02,030 | INFO | Data_Ingestion | rows=50 | cols=3 | columns=['device_class_id', 'device_class_name', 'device_class_description']
2026-02-26 18:30:02,067 | INFO | Data_Ingestion | DEVICE loaded 
2026-02-26 18:30:02,068 | INFO | Data_Ingestion | rows=10000 | cols=6 | columns=['device_id', 'device_ip', 'asset_id', 'device_class_id', 'device_serial', 'device_manufacturer']
2026-02-26 18:30:02,203 | INFO | Data_Ingestion | INTERFACE loaded 
2026-02-26 18:30:02,203 | INFO | Data_Ingestion | rows=100000 | cols=5 | columns=['interface_id', 'interface_name', 'interface_status', 'device_id', 'interface_mac']
2026-02-26 18:30:02,467 | INFO | Data_Ingestion | EVENT loaded 
2026-02-26 18:30:02,472 | INFO | Data_Ingestion | rows=100000 | cols=6 | columns=['event_id', 'event_timestamp', 'device_id', 'interface_id', 'event_type', 'event_description']
2026-02-26 18:30:34,417 | INFO | Data_Ingestion | ORGANIZATION loaded rows=100 | cols=6
2026-02-26 18:30:34,417 | INFO | Data_Ingestion |  columns=['organization_id', 'org_name', 'org_industry', 'org_address', 'org_email', 'org_phone']
2026-02-26 18:30:34,421 | INFO | Data_Ingestion | ASSET loaded rows=200 | cols=6
2026-02-26 18:30:34,421 | INFO | Data_Ingestion |  columns=['asset_id', 'asset_name', 'organization_id', 'asset_location', 'asset_purchase_date', 'asset_owner']
2026-02-26 18:30:34,424 | INFO | Data_Ingestion | DEVICE_CLASS loaded rows=50 | cols=3
2026-02-26 18:30:34,424 | INFO | Data_Ingestion |  columns=['device_class_id', 'device_class_name', 'device_class_description']
2026-02-26 18:30:34,462 | INFO | Data_Ingestion | DEVICE loaded rows=10000 | cols=6
2026-02-26 18:30:34,462 | INFO | Data_Ingestion |  columns=['device_id', 'device_ip', 'asset_id', 'device_class_id', 'device_serial', 'device_manufacturer']
2026-02-26 18:30:34,669 | INFO | Data_Ingestion | INTERFACE loaded rows=100000 | cols=5
2026-02-26 18:30:34,676 | INFO | Data_Ingestion |  columns=['interface_id', 'interface_name', 'interface_status', 'device_id', 'interface_mac']
2026-02-26 18:30:35,066 | INFO | Data_Ingestion | EVENT loaded rows=100000 | cols=6
2026-02-26 18:30:35,067 | INFO | Data_Ingestion |  columns=['event_id', 'event_timestamp', 'device_id', 'interface_id', 'event_type', 'event_description']
2026-02-26 18:31:20,880 | INFO | Data_Ingestion | ORGANIZATION loaded rows=[100 |cols=6]
2026-02-26 18:31:20,881 | INFO | Data_Ingestion | columns=['organization_id', 'org_name', 'org_industry', 'org_address', 'org_email', 'org_phone']
2026-02-26 18:31:20,884 | INFO | Data_Ingestion | ASSET loaded rows=[200 |cols=6]
2026-02-26 18:31:20,884 | INFO | Data_Ingestion | columns=['asset_id', 'asset_name', 'organization_id', 'asset_location', 'asset_purchase_date', 'asset_owner']
2026-02-26 18:31:20,887 | INFO | Data_Ingestion | DEVICE_CLASS loaded rows=[50 |cols=3]
2026-02-26 18:31:20,887 | INFO | Data_Ingestion | columns=['device_class_id', 'device_class_name', 'device_class_description']
2026-02-26 18:31:20,922 | INFO | Data_Ingestion | DEVICE loaded rows=[10000 |cols=6]
2026-02-26 18:31:20,922 | INFO | Data_Ingestion | columns=['device_id', 'device_ip', 'asset_id', 'device_class_id', 'device_serial', 'device_manufacturer']
2026-02-26 18:31:21,043 | INFO | Data_Ingestion | INTERFACE loaded rows=[100000 |cols=5]
2026-02-26 18:31:21,044 | INFO | Data_Ingestion | columns=['interface_id', 'interface_name', 'interface_status', 'device_id', 'interface_mac']
2026-02-26 18:31:21,308 | INFO | Data_Ingestion | EVENT loaded rows=[100000 |cols=6]
2026-02-26 18:31:21,312 | INFO | Data_Ingestion | columns=['event_id', 'event_timestamp', 'device_id', 'interface_id', 'event_type', 'event_description']
2026-02-26 18:32:08,950 | INFO | Data_Ingestion | ORGANIZATION loaded [rows=100|cols=6]
2026-02-26 18:32:08,951 | INFO | Data_Ingestion | columns=['organization_id', 'org_name', 'org_industry', 'org_address', 'org_email', 'org_phone']
2026-02-26 18:32:08,965 | INFO | Data_Ingestion | ASSET loaded [rows=200|cols=6]
2026-02-26 18:32:08,969 | INFO | Data_Ingestion | columns=['asset_id', 'asset_name', 'organization_id', 'asset_location', 'asset_purchase_date', 'asset_owner']
2026-02-26 18:32:08,978 | INFO | Data_Ingestion | DEVICE_CLASS loaded [rows=50|cols=3]
2026-02-26 18:32:08,980 | INFO | Data_Ingestion | columns=['device_class_id', 'device_class_name', 'device_class_description']
2026-02-26 18:32:09,049 | INFO | Data_Ingestion | DEVICE loaded [rows=10000|cols=6]
2026-02-26 18:32:09,050 | INFO | Data_Ingestion | columns=['device_id', 'device_ip', 'asset_id', 'device_class_id', 'device_serial', 'device_manufacturer']
2026-02-26 18:32:09,257 | INFO | Data_Ingestion | INTERFACE loaded [rows=100000|cols=5]
2026-02-26 18:32:09,258 | INFO | Data_Ingestion | columns=['interface_id', 'interface_name', 'interface_status', 'device_id', 'interface_mac']
2026-02-26 18:32:09,708 | INFO | Data_Ingestion | EVENT loaded [rows=100000|cols=6]
2026-02-26 18:32:09,709 | INFO | Data_Ingestion | columns=['event_id', 'event_timestamp', 'device_id', 'interface_id', 'event_type', 'event_description']
2026-02-26 18:46:15,783 | INFO | Data_Ingestion | ORGANIZATION loaded [rows=100|cols=6]
2026-02-26 18:46:15,784 | INFO | Data_Ingestion | columns=['organization_id', 'org_name', 'org_industry', 'org_address', 'org_email', 'org_phone']
2026-02-26 18:46:15,787 | INFO | Data_Ingestion | ASSET loaded [rows=200|cols=6]
2026-02-26 18:46:15,788 | INFO | Data_Ingestion | columns=['asset_id', 'asset_name', 'organization_id', 'asset_location', 'asset_purchase_date', 'asset_owner']
2026-02-26 18:46:15,790 | INFO | Data_Ingestion | DEVICE_CLASS loaded [rows=50|cols=3]
2026-02-26 18:46:15,790 | INFO | Data_Ingestion | columns=['device_class_id', 'device_class_name', 'device_class_description']
2026-02-26 18:46:15,825 | INFO | Data_Ingestion | DEVICE loaded [rows=10000|cols=6]
2026-02-26 18:46:15,827 | INFO | Data_Ingestion | columns=['device_id', 'device_ip', 'asset_id', 'device_class_id', 'device_serial', 'device_manufacturer']
2026-02-26 18:46:15,962 | INFO | Data_Ingestion | INTERFACE loaded [rows=100000|cols=5]
2026-02-26 18:46:15,963 | INFO | Data_Ingestion | columns=['interface_id', 'interface_name', 'interface_status', 'device_id', 'interface_mac']
2026-02-26 18:46:16,197 | INFO | Data_Ingestion | EVENT loaded [rows=100000|cols=6]
2026-02-26 18:46:16,198 | INFO | Data_Ingestion | columns=['event_id', 'event_timestamp', 'device_id', 'interface_id', 'event_type', 'event_description']
2026-02-26 18:59:01,732 | INFO | Data_Ingestion | ORGANIZATION loaded [rows=100|cols=6]
2026-02-26 18:59:01,734 | INFO | Data_Ingestion | columns=['organization_id', 'org_name', 'org_industry', 'org_address', 'org_email', 'org_phone']
2026-02-26 18:59:01,738 | INFO | Data_Ingestion | ASSET loaded [rows=200|cols=6]
2026-02-26 18:59:01,738 | INFO | Data_Ingestion | columns=['asset_id', 'asset_name', 'organization_id', 'asset_location', 'asset_purchase_date', 'asset_owner']
2026-02-26 18:59:01,740 | INFO | Data_Ingestion | DEVICE_CLASS loaded [rows=50|cols=3]
2026-02-26 18:59:01,741 | INFO | Data_Ingestion | columns=['device_class_id', 'device_class_name', 'device_class_description']
2026-02-26 18:59:01,785 | INFO | Data_Ingestion | DEVICE loaded [rows=10000|cols=6]
2026-02-26 18:59:01,786 | INFO | Data_Ingestion | columns=['device_id', 'device_ip', 'asset_id', 'device_class_id', 'device_serial', 'device_manufacturer']
2026-02-26 18:59:01,908 | INFO | Data_Ingestion | INTERFACE loaded [rows=100000|cols=5]
2026-02-26 18:59:01,908 | INFO | Data_Ingestion | columns=['interface_id', 'interface_name', 'interface_status', 'device_id', 'interface_mac']
2026-02-26 18:59:02,181 | INFO | Data_Ingestion | EVENT loaded [rows=100000|cols=6]
2026-02-26 18:59:02,182 | INFO | Data_Ingestion | columns=['event_id', 'event_timestamp', 'device_id', 'interface_id', 'event_type', 'event_description']
